d:\mycode\cpp\raksamp\client\src\obj\release\xmlsets.obj
d:\mycode\cpp\raksamp\client\src\obj\release\window.obj
d:\mycode\cpp\raksamp\client\src\obj\release\rcon.obj
d:\mycode\cpp\raksamp\client\src\obj\release\netrpc.obj
d:\mycode\cpp\raksamp\client\src\obj\release\netgame.obj
d:\mycode\cpp\raksamp\client\src\obj\release\misc_funcs.obj
d:\mycode\cpp\raksamp\client\src\obj\release\math_stuff.obj
d:\mycode\cpp\raksamp\client\src\obj\release\main.obj
d:\mycode\cpp\raksamp\client\src\obj\release\localplayer.obj
d:\mycode\cpp\raksamp\client\src\obj\release\console.obj
d:\mycode\cpp\raksamp\client\src\obj\release\common.obj
d:\mycode\cpp\raksamp\client\src\obj\release\cmds.obj
d:\mycode\cpp\raksamp\client\src\obj\release\samprpc.obj
d:\mycode\cpp\raksamp\client\src\obj\release\samp_netencr.obj
d:\mycode\cpp\raksamp\client\src\obj\release\socketlayer.obj
d:\mycode\cpp\raksamp\client\src\obj\release\reliabilitylayer.obj
d:\mycode\cpp\raksamp\client\src\obj\release\rakpeer.obj
d:\mycode\cpp\raksamp\client\src\obj\release\rakclient.obj
d:\mycode\cpp\raksamp\client\src\obj\release\raknetstatistics.obj
d:\mycode\cpp\raksamp\client\src\obj\release\plugininterface.obj
d:\mycode\cpp\raksamp\client\src\obj\release\networktypes.obj
d:\mycode\cpp\raksamp\client\src\obj\release\networkidgenerator.obj
d:\mycode\cpp\raksamp\client\src\obj\release\linuxstrings.obj
d:\mycode\cpp\raksamp\client\src\obj\release\internalpacketpool.obj
d:\mycode\cpp\raksamp\client\src\obj\release\gettime.obj
d:\mycode\cpp\raksamp\client\src\obj\release\encodeclassname.obj
d:\mycode\cpp\raksamp\client\src\obj\release\ds_table.obj
d:\mycode\cpp\raksamp\client\src\obj\release\ds_huffmanencodingtree.obj
d:\mycode\cpp\raksamp\client\src\obj\release\ds_bytequeue.obj
d:\mycode\cpp\raksamp\client\src\obj\release\datacompressor.obj
d:\mycode\cpp\raksamp\client\src\obj\release\datablockencryptor.obj
d:\mycode\cpp\raksamp\client\src\obj\release\checksum.obj
d:\mycode\cpp\raksamp\client\src\obj\release\bitstream_notemplate.obj
d:\mycode\cpp\raksamp\client\src\obj\release\bitstream.obj
d:\mycode\cpp\raksamp\client\src\obj\release\asynchronousfileio.obj
d:\mycode\cpp\raksamp\client\src\obj\release\_findfirst.obj
d:\mycode\cpp\raksamp\client\src\obj\release\pugixml.obj
d:\mycode\cpp\raksamp\client\src\obj\release\tinyxml.obj
d:\mycode\cpp\raksamp\client\src\obj\release\tinystr.obj
d:\mycode\cpp\raksamp\client\src\obj\release\samp_auth.obj
d:\mycode\cpp\raksamp\client\src\obj\release\tableserializer.obj
d:\mycode\cpp\raksamp\client\src\obj\release\systemaddresslist.obj
d:\mycode\cpp\raksamp\client\src\obj\release\stringtable.obj
d:\mycode\cpp\raksamp\client\src\obj\release\stringcompressor.obj
d:\mycode\cpp\raksamp\client\src\obj\release\simplemutex.obj
d:\mycode\cpp\raksamp\client\src\obj\release\sha1.obj
d:\mycode\cpp\raksamp\client\src\obj\release\rpcmap.obj
d:\mycode\cpp\raksamp\client\src\obj\release\rijndael.obj
d:\mycode\cpp\raksamp\client\src\obj\release\rand.obj
d:\mycode\cpp\raksamp\client\src\obj\release\raksleep.obj
d:\mycode\cpp\raksamp\client\src\obj\release\rakserver.obj
d:\mycode\cpp\raksamp\client\src\obj\release\raknetworkfactory.obj
d:\mycode\cpp\raksamp\client\src\obj\release\settings.obj
d:\mycode\cpp\raksamp\client\src\obj\release\logmanager.obj
d:\mycode\cpp\raksamp\client\src\obj\release\tinyxmlparser.obj
d:\mycode\cpp\raksamp\client\src\obj\release\tinyxmlerror.obj
d:\mycode\cpp\raksamp\client\bin\raksampclient.exe
d:\mycode\cpp\raksamp\client\src\obj\release\raksampclient.lib
d:\mycode\cpp\raksamp\client\src\obj\release\raksampclient.exp
d:\mycode\cpp\raksamp\client\src\obj\release\raksampclient.res
d:\mycode\cpp\raksamp\client\src\obj\release\raksampclient.tlog\cl.command.1.tlog
d:\mycode\cpp\raksamp\client\src\obj\release\raksampclient.tlog\cl.read.1.tlog
d:\mycode\cpp\raksamp\client\src\obj\release\raksampclient.tlog\cl.write.1.tlog
d:\mycode\cpp\raksamp\client\src\obj\release\raksampclient.tlog\link.command.1.tlog
d:\mycode\cpp\raksamp\client\src\obj\release\raksampclient.tlog\link.read.1.tlog
d:\mycode\cpp\raksamp\client\src\obj\release\raksampclient.tlog\link.write.1.tlog
d:\mycode\cpp\raksamp\client\src\obj\release\raksampclient.tlog\raksampclient.write.1u.tlog
d:\mycode\cpp\raksamp\client\src\obj\release\raksampclient.tlog\rc.command.1.tlog
d:\mycode\cpp\raksamp\client\src\obj\release\raksampclient.tlog\rc.read.1.tlog
d:\mycode\cpp\raksamp\client\src\obj\release\raksampclient.tlog\rc.write.1.tlog
